Using pre-set license
Built from '2021.3/release' branch; Version is '2021.3.12f1 (8af3c3e441b1) revision 9106371'; Using compiler version '192829333'; Build Type 'Release'
OS: 'Windows 10  (10.0.19044) 64bit Professional' Language: 'ru' Physical Memory: 32608 MB
BatchMode: 1, IsHumanControllingUs: 0, StartBugReporterOnCrash: 0, Is64bit: 1, IsPro: 1

COMMAND LINE ARGUMENTS:
C:\Program Files\Unity\Hub\Editor\2021.3.12f1\Editor\Unity.exe
-adb2
-batchMode
-noUpm
-name
AssetImportWorker2
-projectPath
D:/UnityProjects/YandexGameTutorial/YandexGameTutorial
-logFile
Logs/AssetImportWorker2.log
-srvPort
58453
Successfully changed project path to: D:/UnityProjects/YandexGameTutorial/YandexGameTutorial
D:/UnityProjects/YandexGameTutorial/YandexGameTutorial
[UnityMemory] Configuration Parameters - Can be set up in boot.config
    "memorysetup-bucket-allocator-granularity=16"
    "memorysetup-bucket-allocator-bucket-count=8"
    "memorysetup-bucket-allocator-block-size=33554432"
    "memorysetup-bucket-allocator-block-count=8"
    "memorysetup-main-allocator-block-size=16777216"
    "memorysetup-thread-allocator-block-size=16777216"
    "memorysetup-gfx-main-allocator-block-size=16777216"
    "memorysetup-gfx-thread-allocator-block-size=16777216"
    "memorysetup-cache-allocator-block-size=4194304"
    "memorysetup-typetree-allocator-block-size=2097152"
    "memorysetup-profiler-bucket-allocator-granularity=16"
    "memorysetup-profiler-bucket-allocator-bucket-count=8"
    "memorysetup-profiler-bucket-allocator-block-size=33554432"
    "memorysetup-profiler-bucket-allocator-block-count=8"
    "memorysetup-profiler-allocator-block-size=16777216"
    "memorysetup-profiler-editor-allocator-block-size=1048576"
    "memorysetup-temp-allocator-size-main=16777216"
    "memorysetup-job-temp-allocator-block-size=2097152"
    "memorysetup-job-temp-allocator-block-size-background=1048576"
    "memorysetup-job-temp-allocator-reduction-small-platforms=262144"
    "memorysetup-temp-allocator-size-background-worker=32768"
    "memorysetup-temp-allocator-size-job-worker=262144"
    "memorysetup-temp-allocator-size-preload-manager=33554432"
    "memorysetup-temp-allocator-size-nav-mesh-worker=65536"
    "memorysetup-temp-allocator-size-audio-worker=65536"
    "memorysetup-temp-allocator-size-cloud-worker=32768"
    "memorysetup-temp-allocator-size-gi-baking-worker=262144"
    "memorysetup-temp-allocator-size-gfx=262144"
Refreshing native plugins compatible for Editor in 120.33 ms, found 3 plugins.
Preloading 0 native plugins for Editor in 0.00 ms.
Initialize engine version: 2021.3.12f1 (8af3c3e441b1)
[Subsystems] Discovering subsystems at path C:/Program Files/Unity/Hub/Editor/2021.3.12f1/Editor/Data/Resources/UnitySubsystems
[Subsystems] Discovering subsystems at path D:/UnityProjects/YandexGameTutorial/YandexGameTutorial/Assets
GfxDevice: creating device client; threaded=0; jobified=0
Direct3D:
    Version:  Direct3D 11.0 [level 11.1]
    Renderer: Radeon RX 560 Series (ID=0x67ff)
    Vendor:   ATI
    VRAM:     4074 MB
    Driver:   31.0.12029.4013
Initialize mono
Mono path[0] = 'C:/Program Files/Unity/Hub/Editor/2021.3.12f1/Editor/Data/Managed'
Mono path[1] = 'C:/Program Files/Unity/Hub/Editor/2021.3.12f1/Editor/Data/MonoBleedingEdge/lib/mono/unityjit-win32'
Mono config path = 'C:/Program Files/Unity/Hub/Editor/2021.3.12f1/Editor/Data/MonoBleedingEdge/etc'
Using monoOptions --debugger-agent=transport=dt_socket,embedding=1,server=y,suspend=n,address=127.0.0.1:56004
Begin MonoManager ReloadAssembly
Registering precompiled unity dll's ...
Register platform support module: C:/Program Files/Unity/Hub/Editor/2021.3.12f1/Editor/Data/PlaybackEngines/WebGLSupport/UnityEditor.WebGL.Extensions.dll
Register platform support module: C:/Program Files/Unity/Hub/Editor/2021.3.12f1/Editor/Data/PlaybackEngines/WindowsStandaloneSupport/UnityEditor.WindowsStandalone.Extensions.dll
Registered in 0.008553 seconds.
Native extension for WindowsStandalone target not found
Native extension for WebGL target not found
Refreshing native plugins compatible for Editor in 94.69 ms, found 3 plugins.
Preloading 0 native plugins for Editor in 0.00 ms.
Mono: successfully reloaded assembly
- Completed reload, in  0.819 seconds
Domain Reload Profiling:
	ReloadAssembly (820ms)
		BeginReloadAssembly (107ms)
			ExecutionOrderSort (0ms)
			DisableScriptedObjects (0ms)
			BackupInstance (0ms)
			ReleaseScriptingObjects (0ms)
			CreateAndSetChildDomain (1ms)
		EndReloadAssembly (561ms)
			LoadAssemblies (105ms)
			RebuildTransferFunctionScriptingTraits (0ms)
			SetupTypeCache (136ms)
			ReleaseScriptCaches (0ms)
			RebuildScriptCaches (41ms)
			SetupLoadedEditorAssemblies (319ms)
				LogAssemblyErrors (0ms)
				InitializePlatformSupportModulesInManaged (11ms)
				SetLoadedEditorAssemblies (0ms)
				RefreshPlugins (95ms)
				BeforeProcessingInitializeOnLoad (2ms)
				ProcessInitializeOnLoadAttributes (155ms)
				ProcessInitializeOnLoadMethodAttributes (56ms)
				AfterProcessingInitializeOnLoad (0ms)
				EditorAssembliesLoaded (0ms)
			ExecutionOrderSort2 (0ms)
			AwakeInstancesAfterBackupRestoration (0ms)
Platform modules already initialized, skipping
Registering precompiled user dll's ...
Registered in 0.005245 seconds.
Begin MonoManager ReloadAssembly
Symbol file LoadedFromMemory doesn't match image D:\UnityProjects\YandexGameTutorial\YandexGameTutorial\Library\PackageCache\com.unity.visualscripting@1.7.8\Editor\VisualScripting.Core\Dependencies\YamlDotNet\Unity.VisualScripting.YamlDotNet.dll
Symbol file LoadedFromMemory doesn't match image D:\UnityProjects\YandexGameTutorial\YandexGameTutorial\Library\PackageCache\com.unity.visualscripting@1.7.8\Editor\VisualScripting.Core\Dependencies\DotNetZip\Unity.VisualScripting.IonicZip.dll
Native extension for WindowsStandalone target not found
Native extension for WebGL target not found
Refreshing native plugins compatible for Editor in 0.70 ms, found 3 plugins.
Preloading 0 native plugins for Editor in 0.00 ms.
Mono: successfully reloaded assembly
- Completed reload, in  1.582 seconds
Domain Reload Profiling:
	ReloadAssembly (1583ms)
		BeginReloadAssembly (161ms)
			ExecutionOrderSort (0ms)
			DisableScriptedObjects (8ms)
			BackupInstance (0ms)
			ReleaseScriptingObjects (0ms)
			CreateAndSetChildDomain (33ms)
		EndReloadAssembly (1253ms)
			LoadAssemblies (111ms)
			RebuildTransferFunctionScriptingTraits (0ms)
			SetupTypeCache (468ms)
			ReleaseScriptCaches (1ms)
			RebuildScriptCaches (83ms)
			SetupLoadedEditorAssemblies (540ms)
				LogAssemblyErrors (0ms)
				InitializePlatformSupportModulesInManaged (8ms)
				SetLoadedEditorAssemblies (1ms)
				RefreshPlugins (1ms)
				BeforeProcessingInitializeOnLoad (131ms)
				ProcessInitializeOnLoadAttributes (347ms)
				ProcessInitializeOnLoadMethodAttributes (43ms)
				AfterProcessingInitializeOnLoad (9ms)
				EditorAssembliesLoaded (0ms)
			ExecutionOrderSort2 (0ms)
			AwakeInstancesAfterBackupRestoration (9ms)
Platform modules already initialized, skipping
========================================================================
Worker process is ready to serve import requests
Launched and connected shader compiler UnityShaderCompiler.exe after 0.06 seconds
Refreshing native plugins compatible for Editor in 0.83 ms, found 3 plugins.
Preloading 0 native plugins for Editor in 0.00 ms.
Unloading 3381 Unused Serialized files (Serialized files now loaded: 0)
Unloading 27 unused Assets / (113.4 KB). Loaded Objects now: 3838.
Memory consumption went from 116.2 MB to 116.1 MB.
Total: 3.811800 ms (FindLiveObjects: 0.316700 ms CreateObjectMapping: 0.170400 ms MarkObjects: 3.200000 ms  DeleteObjects: 0.123700 ms)

AssetImportParameters requested are different than current active one (requested -> active):
  custom:video-decoder-ogg-theora: a1e56fd34408186e4bbccfd4996cb3dc -> 
  custom:container-muxer-webm: aa71ff27fc2769a1b78a27578f13a17b -> 
  custom:container-demuxer-webm: 4f35f7cbe854078d1ac9338744f61a02 -> 
  custom:video-encoder-webm-vp8: eb34c28f22e8b96e1ab97ce403110664 -> 
  custom:audio-encoder-webm-vorbis: bf7c407c2cedff20999df2af8eb42d56 -> 
  custom:framework-win-MediaFoundation: 216162199b28c13a410421893ffa2e32 -> 
  custom:container-demuxer-ogg: 62fdf1f143b41e24485cea50d1cbac27 -> 
  custom:video-decoder-webm-vp8: 9c59270c3fd7afecdb556c50c9e8de78 -> 
  custom:audio-decoder-ogg-vorbis: bf7c407c2cedff20999df2af8eb42d56 -> 
========================================================================
Received Import Request.
  Time since last request: 13004.911804 seconds.
  path: Assets
  artifactKey: Guid(00000000000000001000000000000000) Importer(815301076,1909f56bfc062723c751e8b465ee728b)
Start importing Assets using Guid(00000000000000001000000000000000) Importer(815301076,1909f56bfc062723c751e8b465ee728b)  -> (artifact id: '79842766b460edbeab6a34051e857a80') in 0.027039 seconds 
========================================================================
Received Import Request.
  Time since last request: 17.034330 seconds.
  path: Assets/Materials
  artifactKey: Guid(acde27391179fc04bad0e046173f9049) Importer(815301076,1909f56bfc062723c751e8b465ee728b)
Start importing Assets/Materials using Guid(acde27391179fc04bad0e046173f9049) Importer(815301076,1909f56bfc062723c751e8b465ee728b)  -> (artifact id: '8a7a9b36595d49c11fe441feb68f5818') in 0.012436 seconds 
========================================================================
Received Import Request.
  Time since last request: 8.829346 seconds.
  path: Assets/Scripts
  artifactKey: Guid(ccea6bb41e386e644963b17d6199e66f) Importer(815301076,1909f56bfc062723c751e8b465ee728b)
Start importing Assets/Scripts using Guid(ccea6bb41e386e644963b17d6199e66f) Importer(815301076,1909f56bfc062723c751e8b465ee728b)  -> (artifact id: 'bfdba9e6f76878e3ce85d32e991a9955') in 0.011931 seconds 
========================================================================
Received Import Request.
  Time since last request: 10.667407 seconds.
  path: Assets/Materials/Player.mat
  artifactKey: Guid(ad5eacc218d4b5e49a153cb58f3ab5e3) Importer(815301076,1909f56bfc062723c751e8b465ee728b)
Start importing Assets/Materials/Player.mat using Guid(ad5eacc218d4b5e49a153cb58f3ab5e3) Importer(815301076,1909f56bfc062723c751e8b465ee728b)  -> (artifact id: '6dd60a113f2fa2e9f6cfb44a5c7be7fa') in 0.596941 seconds 
========================================================================
Received Import Request.
  Time since last request: 99.337036 seconds.
  path: Assets/Materials/Player.mat
  artifactKey: Guid(ad5eacc218d4b5e49a153cb58f3ab5e3) Importer(815301076,1909f56bfc062723c751e8b465ee728b)
Start importing Assets/Materials/Player.mat using Guid(ad5eacc218d4b5e49a153cb58f3ab5e3) Importer(815301076,1909f56bfc062723c751e8b465ee728b)  -> (artifact id: '1c8959df43ddfcd6bf7093997914f0a6') in 0.044039 seconds 
========================================================================
Received Import Request.
  Time since last request: 29.044315 seconds.
  path: Assets/Materials/Road.mat
  artifactKey: Guid(98c13cbc9102d3b47b833fde0cae4750) Importer(815301076,1909f56bfc062723c751e8b465ee728b)
Start importing Assets/Materials/Road.mat using Guid(98c13cbc9102d3b47b833fde0cae4750) Importer(815301076,1909f56bfc062723c751e8b465ee728b)  -> (artifact id: '44d082f9a7b03d2486f623e1f0be2a66') in 0.031560 seconds 
========================================================================
Received Import Request.
  Time since last request: 145.101838 seconds.
  path: Assets/Materials/Road.mat
  artifactKey: Guid(98c13cbc9102d3b47b833fde0cae4750) Importer(815301076,1909f56bfc062723c751e8b465ee728b)
Start importing Assets/Materials/Road.mat using Guid(98c13cbc9102d3b47b833fde0cae4750) Importer(815301076,1909f56bfc062723c751e8b465ee728b)  -> (artifact id: '63f9472d4a90b63ee5b94a1ffb0db604') in 0.034156 seconds 
========================================================================
Received Import Request.
  Time since last request: 50.752639 seconds.
  path: Assets/Materials/Sky.mat
  artifactKey: Guid(5ca0ceff2b6265241bc3cfa402e33b1a) Importer(815301076,1909f56bfc062723c751e8b465ee728b)
Start importing Assets/Materials/Sky.mat using Guid(5ca0ceff2b6265241bc3cfa402e33b1a) Importer(815301076,1909f56bfc062723c751e8b465ee728b)  -> (artifact id: 'dbc819cf39a6e756a516ad1824dc0dec') in 0.030506 seconds 
========================================================================
Received Import Request.
  Time since last request: 204.751536 seconds.
  path: Assets/Materials/Sky.mat
  artifactKey: Guid(5ca0ceff2b6265241bc3cfa402e33b1a) Importer(815301076,1909f56bfc062723c751e8b465ee728b)
Start importing Assets/Materials/Sky.mat using Guid(5ca0ceff2b6265241bc3cfa402e33b1a) Importer(815301076,1909f56bfc062723c751e8b465ee728b)  -> (artifact id: '14d384c0b5a2dbc203c655e6037b6876') in 0.082912 seconds 
========================================================================
Received Import Request.
  Time since last request: 119.460154 seconds.
  path: Assets/Environment/Panorama_A.jpg
  artifactKey: Guid(4abcaca650596984e9079af6b70f4afe) Importer(815301076,1909f56bfc062723c751e8b465ee728b)
Start importing Assets/Environment/Panorama_A.jpg using Guid(4abcaca650596984e9079af6b70f4afe) Importer(815301076,1909f56bfc062723c751e8b465ee728b)  -> (artifact id: 'ae44a53813f02850a87739956db70389') in 0.084493 seconds 
========================================================================
Received Import Request.
  Time since last request: 0.000031 seconds.
  path: Assets/Environment/Panorama_C.jpg
  artifactKey: Guid(c733147990aea5d439e50f88c81477e5) Importer(815301076,1909f56bfc062723c751e8b465ee728b)
Start importing Assets/Environment/Panorama_C.jpg using Guid(c733147990aea5d439e50f88c81477e5) Importer(815301076,1909f56bfc062723c751e8b465ee728b)  -> (artifact id: '2533c8e5d930e041f59a4f811f343bba') in 0.091278 seconds 
========================================================================
Received Import Request.
  Time since last request: 0.000034 seconds.
  path: Assets/Environment/Panorama_D.jpg
  artifactKey: Guid(ddd4cbe4df14e3b49b36828ca2ab31b3) Importer(815301076,1909f56bfc062723c751e8b465ee728b)
Start importing Assets/Environment/Panorama_D.jpg using Guid(ddd4cbe4df14e3b49b36828ca2ab31b3) Importer(815301076,1909f56bfc062723c751e8b465ee728b)  -> (artifact id: '262affea58adf036cc6886264f2a818c') in 0.045618 seconds 
